<?xml version="1.0" encoding="UTF-8"?>
<!-- Generated by org.testng.reporters.JUnitXMLReporter -->
<testsuite ignored="0" hostname="Shagu" failures="0" tests="11" name="Default test" time="57.122" errors="0" timestamp="2022-03-31T12:10:33 GMT-04:00">
  <testcase classname="Final.SwagLabs" name="Login" time="4.975"/>
  <testcase classname="Final.SwagLabs" name="dropdown" time="2.076"/>
  <testcase classname="Final.SwagLabs" name="items" time="14.707"/>
  <testcase classname="Final.SwagLabs" name="addtocart" time="2.131"/>
  <testcase classname="Final.SwagLabs" name="removeitems" time="14.353"/>
  <testcase classname="Final.SwagLabs" name="continueshopping" time="4.231"/>
  <testcase classname="Final.SwagLabs" name="checkout" time="2.115"/>
  <testcase classname="Final.SwagLabs" name="Inbox" time="2.376"/>
  <testcase classname="Final.SwagLabs" name="button" time="2.205"/>
  <testcase classname="Final.SwagLabs" name="finish" time="2.12"/>
  <testcase classname="Final.SwagLabs" name="backtohome" time="2.11"/>
</testsuite> <!-- Default test -->
